[01:15:50] [Client thread/INFO]: Setting user: Player866
[01:15:50] [Client thread/INFO]: (Session ID is token:0:Player866)
[01:15:52] [Client thread/INFO]: [OptiFine] *** Reflector Forge ***
[01:15:52] [Client thread/INFO]: [OptiFine] (Reflector) Method not present: net.minecraft.world.biome.BiomeGenBase.getWaterColorMultiplier
[01:15:52] [Client thread/INFO]: [OptiFine] (Reflector) Method not present: net.minecraft.block.Block.addDestroyEffects
[01:15:52] [Client thread/INFO]: [OptiFine] (Reflector) Method not present: net.minecraft.block.Block.addHitEffects
[01:15:52] [Client thread/INFO]: [OptiFine] (Reflector) Method not present: net.minecraft.block.Block.canCreatureSpawn
[01:15:52] [Client thread/INFO]: [OptiFine] (Reflector) Method not present: net.minecraft.block.Block.canRenderInLayer
[01:15:52] [Client thread/INFO]: [OptiFine] (Reflector) Method not present: net.minecraft.block.Block.doesSideBlockRendering
[01:15:52] [Client thread/INFO]: [OptiFine] (Reflector) Method not present: net.minecraft.block.Block.getBedDirection
[01:15:52] [Client thread/INFO]: [OptiFine] (Reflector) Method not present: net.minecraft.block.Block.getExtendedState
[01:15:52] [Client thread/INFO]: [OptiFine] (Reflector) Method not present: net.minecraft.block.Block.getLightOpacity
[01:15:52] [Client thread/INFO]: [OptiFine] (Reflector) Method not present: net.minecraft.block.Block.getLightValue
[01:15:52] [Client thread/INFO]: [OptiFine] (Reflector) Method not present: net.minecraft.block.Block.hasTileEntity
[01:15:52] [Client thread/INFO]: [OptiFine] (Reflector) Method not present: net.minecraft.block.Block.isAir
[01:15:52] [Client thread/INFO]: [OptiFine] (Reflector) Method not present: net.minecraft.block.Block.isBed
[01:15:52] [Client thread/INFO]: [OptiFine] (Reflector) Method not present: net.minecraft.block.Block.isBedFoot
[01:15:52] [Client thread/INFO]: [OptiFine] (Reflector) Method not present: net.minecraft.block.Block.isSideSolid
[01:15:52] [Client thread/INFO]: [OptiFine] (Reflector) Method not present: net.minecraft.world.ChunkCache.isSideSolid
[01:15:52] [Client thread/INFO]: [OptiFine] (Reflector) Method not present: net.minecraft.entity.Entity.canRiderInteract
[01:15:52] [Client thread/INFO]: [OptiFine] (Reflector) Field not present: net.minecraft.entity.Entity.captureDrops
[01:15:52] [Client thread/INFO]: [OptiFine] (Reflector) Field not present: net.minecraft.entity.Entity.capturedDrops
[01:15:52] [Client thread/INFO]: [OptiFine] (Reflector) Method not present: net.minecraft.entity.Entity.shouldRenderInPass
[01:15:52] [Client thread/INFO]: [OptiFine] (Reflector) Method not present: net.minecraft.entity.Entity.shouldRiderSit
[01:15:52] [Client thread/INFO]: [OptiFine] (Reflector) Field not present: net.minecraft.item.Item.delegate
[01:15:52] [Client thread/INFO]: [OptiFine] (Reflector) Method not present: net.minecraft.item.Item.getDurabilityForDisplay
[01:15:52] [Client thread/INFO]: [OptiFine] (Reflector) Method not present: net.minecraft.item.Item.getModel
[01:15:52] [Client thread/INFO]: [OptiFine] (Reflector) Method not present: net.minecraft.item.Item.onEntitySwing
[01:15:52] [Client thread/INFO]: [OptiFine] (Reflector) Method not present: net.minecraft.item.Item.shouldCauseReequipAnimation
[01:15:52] [Client thread/INFO]: [OptiFine] (Reflector) Method not present: net.minecraft.item.Item.showDurabilityBar
[01:15:52] [Client thread/INFO]: [OptiFine] (Reflector) Method not present: net.minecraft.potion.PotionEffect.isCurativeItem
[01:15:52] [Client thread/INFO]: [OptiFine] (Reflector) Method not present: net.minecraft.tileentity.TileEntity.canRenderBreaking
[01:15:52] [Client thread/INFO]: [OptiFine] (Reflector) Method not present: net.minecraft.tileentity.TileEntity.getRenderBoundingBox
[01:15:52] [Client thread/INFO]: [OptiFine] (Reflector) Method not present: net.minecraft.tileentity.TileEntity.hasFastRenderer
[01:15:52] [Client thread/INFO]: [OptiFine] (Reflector) Method not present: net.minecraft.tileentity.TileEntity.shouldRenderInPass
[01:15:52] [Client thread/INFO]: [OptiFine] (Reflector) Method not present: net.minecraft.client.renderer.vertex.VertexFormatElement$EnumUsage.preDraw
[01:15:52] [Client thread/INFO]: [OptiFine] (Reflector) Method not present: net.minecraft.client.renderer.vertex.VertexFormatElement$EnumUsage.postDraw
[01:15:52] [Client thread/INFO]: [OptiFine] (Reflector) Method not present: net.minecraft.world.World.countEntities
[01:15:52] [Client thread/INFO]: [OptiFine] (Reflector) Method not present: net.minecraft.world.World.getPerWorldStorage
[01:15:52] [Client thread/INFO]: [OptiFine] (Reflector) Method not present: net.minecraft.world.WorldProvider.getCloudRenderer
[01:15:52] [Client thread/INFO]: [OptiFine] (Reflector) Method not present: net.minecraft.world.WorldProvider.getSkyRenderer
[01:15:52] [Client thread/INFO]: [OptiFine] (Reflector) Method not present: net.minecraft.world.WorldProvider.getWeatherRenderer
[01:15:52] [Client thread/INFO]: [OptiFine] (Reflector) Method not present: net.minecraft.world.WorldProvider.getSaveFolder
[01:15:52] [Client thread/INFO]: [OptiFine] *** Reflector Vanilla ***
[01:15:52] [Client thread/INFO]: LWJGL Version: 2.9.4
[01:15:52] [Client thread/INFO]: [OptiFine] 
[01:15:52] [Client thread/INFO]: [OptiFine] OptiFine_1.8.9_HD_U_L5
[01:15:52] [Client thread/INFO]: [OptiFine] Build: null
[01:15:52] [Client thread/INFO]: [OptiFine] OS: Windows 10 (amd64) version 10.0
[01:15:52] [Client thread/INFO]: [OptiFine] Java: 1.8.0_141, Oracle Corporation
[01:15:52] [Client thread/INFO]: [OptiFine] VM: Java HotSpot(TM) 64-Bit Server VM (mixed mode), Oracle Corporation
[01:15:52] [Client thread/INFO]: [OptiFine] LWJGL: 2.9.4
[01:15:52] [Client thread/INFO]: [OptiFine] OpenGL: GeForce GTX 1650/PCIe/SSE2, version 4.6.0 NVIDIA 460.79, NVIDIA Corporation
[01:15:52] [Client thread/INFO]: [OptiFine] OpenGL Version: 4.6.0
[01:15:52] [Client thread/INFO]: [OptiFine] Maximum texture size: 32768x32768
[01:15:52] [VersionCheck/INFO]: [OptiFine] java.lang.NullPointerException: null
[01:15:52] [Client thread/INFO]: [Shaders] OpenGL Version: 4.6.0 NVIDIA 460.79
[01:15:52] [Client thread/INFO]: [Shaders] Vendor:  NVIDIA Corporation
[01:15:52] [Client thread/INFO]: [Shaders] Renderer: GeForce GTX 1650/PCIe/SSE2
[01:15:52] [Client thread/INFO]: [Shaders] Capabilities:  2.0  2.1  3.0  3.2  4.0 
[01:15:52] [Client thread/INFO]: [Shaders] GL_MAX_DRAW_BUFFERS: 8
[01:15:52] [Client thread/INFO]: [Shaders] GL_MAX_COLOR_ATTACHMENTS_EXT: 8
[01:15:52] [Client thread/INFO]: [Shaders] GL_MAX_TEXTURE_IMAGE_UNITS: 32
[01:15:52] [Client thread/INFO]: [Shaders] Load shaders configuration.
[01:15:52] [Client thread/INFO]: [Shaders] Save shaders configuration.
[01:15:52] [Client thread/INFO]: [Shaders] No shaderpack loaded.
[01:15:52] [Client thread/INFO]: Reloading ResourceManager: Default
[01:15:52] [Client thread/INFO]: [OptiFine] *** Reloading textures ***
[01:15:52] [Client thread/INFO]: [OptiFine] Resource packs: Default
[01:15:52] [Sound Library Loader/INFO]: Starting up SoundSystem...
[01:15:53] [Thread-6/INFO]: Initializing LWJGL OpenAL
[01:15:53] [Thread-6/INFO]: (The LWJGL binding of OpenAL.  For more information, see http://www.lwjgl.org)
[01:15:53] [Thread-6/INFO]: OpenAL initialized.
[01:15:53] [Sound Library Loader/INFO]: Sound engine started
[01:15:55] [Client thread/INFO]: [OptiFine] Mipmap levels: 4
[01:15:55] [Client thread/INFO]: [OptiFine] Multitexture: false
[01:15:56] [Client thread/INFO]: [OptiFine] Multipass connected textures: false
[01:15:56] [Client thread/INFO]: [OptiFine] BetterGrass: Parsing default configuration optifine/bettergrass.properties
[01:15:57] [Client thread/INFO]: Created: 1024x512 textures-atlas
[01:15:57] [Client thread/INFO]: [OptiFine] Animated sprites: 11
[01:15:57] [Client thread/INFO]: Starting BlueZenith b2.0
[01:15:57] [Client thread/INFO]: Started event manager.
[01:15:59] [Client thread/INFO]: Loaded 40 modules.
[01:16:00] [Client thread/INFO]: Loaded 51 commands.
[01:16:00] [Client thread/INFO]: Added a shutdown hook.
[01:16:00] [Client thread/INFO]: Loaded the default config and binds.
[01:16:00] [Client thread/INFO]: Created ClickGUI.
[01:16:00] [Client thread/INFO]: Started in 2236 ms.
[01:16:00] [Client thread/INFO]: [OptiFine] *** Reloading custom textures ***
[01:16:00] [Client thread/INFO]: [OptiFine] Enable face culling: acacia_leaves, birch_leaves, dark_oak_leaves, jungle_leaves, oak_leaves, spruce_leaves
[01:16:02] [pool-5-thread-1/INFO]: Started Discord RPC! Account: angles#2944
[01:16:08] [Server thread/INFO]: Starting integrated minecraft server version 1.9
[01:16:08] [Server thread/INFO]: Generating keypair
[01:16:08] [Server thread/INFO]: Preparing start region for level 0
[01:16:09] [Server thread/INFO]: Changing view distance to 9, from 10
[01:16:10] [Server thread/INFO]: Player866[local:E:da641bae] logged in with entity id 206 at (249.92478764907676, 68.0, 171.89502662398732)
[01:16:10] [Server thread/INFO]: Player866 joined the game
[01:16:11] [Server thread/INFO]: Saving and pausing game...
[01:16:11] [Server thread/INFO]: Saving chunks for level 'New World'/Overworld
[01:16:11] [Server thread/INFO]: Saving chunks for level 'New World'/Nether
[01:16:11] [Server thread/INFO]: Saving chunks for level 'New World'/The End
[01:16:12] [Server thread/INFO]: Saving and pausing game...
[01:16:12] [Server thread/INFO]: Saving chunks for level 'New World'/Overworld
[01:16:12] [Server thread/INFO]: Saving chunks for level 'New World'/Nether
[01:16:12] [Server thread/INFO]: Saving chunks for level 'New World'/The End
[01:16:46] [Client thread/INFO]: [CHAT] §3§l[§r§bBlue Zenith§3§l] §r§9sexed at 1
[01:16:49] [Client thread/INFO]: [CHAT] §3§l[§r§bBlue Zenith§3§l] §r§9sexed at 1
